[2025-12-07T19:08:05.629+0000] {local_task_job_runner.py:120} INFO - ::group::Pre task execution logs
[2025-12-07T19:08:05.792+0000] {taskinstance.py:2076} INFO - Dependencies all met for dep_context=non-requeueable deps ti=<TaskInstance: 02_pipeline_completo_boticario.ingestao_postgres manual__2025-12-07T19:07:48.034306+00:00 [queued]>
[2025-12-07T19:08:05.835+0000] {taskinstance.py:2076} INFO - Dependencies all met for dep_context=requeueable deps ti=<TaskInstance: 02_pipeline_completo_boticario.ingestao_postgres manual__2025-12-07T19:07:48.034306+00:00 [queued]>
[2025-12-07T19:08:05.839+0000] {taskinstance.py:2306} INFO - Starting attempt 1 of 1
[2025-12-07T19:08:05.884+0000] {taskinstance.py:2330} INFO - Executing <Task(PythonOperator): ingestao_postgres> on 2025-12-07 19:07:48.034306+00:00
[2025-12-07T19:08:05.926+0000] {standard_task_runner.py:90} INFO - Running: ['***', 'tasks', 'run', '02_pipeline_completo_boticario', 'ingestao_postgres', 'manual__2025-12-07T19:07:48.034306+00:00', '--job-id', '10', '--raw', '--subdir', 'DAGS_FOLDER/pipeline_ingestao.py', '--cfg-path', '/tmp/tmpqimhlx9l']
[2025-12-07T19:08:05.940+0000] {standard_task_runner.py:91} INFO - Job 10: Subtask ingestao_postgres
[2025-12-07T19:08:05.944+0000] {logging_mixin.py:188} WARNING - /home/***/.local/lib/python3.12/site-packages/***/task/task_runner/standard_task_runner.py:61 DeprecationWarning: This process (pid=418) is multi-threaded, use of fork() may lead to deadlocks in the child.
[2025-12-07T19:08:05.953+0000] {standard_task_runner.py:63} INFO - Started process 420 to run task
[2025-12-07T19:08:06.568+0000] {task_command.py:426} INFO - Running <TaskInstance: 02_pipeline_completo_boticario.ingestao_postgres manual__2025-12-07T19:07:48.034306+00:00 [running]> on host bb7fc5387fbc
[2025-12-07T19:08:07.933+0000] {taskinstance.py:2648} INFO - Exporting env vars: AIRFLOW_CTX_DAG_OWNER='***' AIRFLOW_CTX_DAG_ID='02_pipeline_completo_boticario' AIRFLOW_CTX_TASK_ID='ingestao_postgres' AIRFLOW_CTX_EXECUTION_DATE='2025-12-07T19:07:48.034306+00:00' AIRFLOW_CTX_TRY_NUMBER='1' AIRFLOW_CTX_DAG_RUN_ID='manual__2025-12-07T19:07:48.034306+00:00'
[2025-12-07T19:08:07.950+0000] {taskinstance.py:430} INFO - ::endgroup::
[2025-12-07T19:08:08.622+0000] {base.py:84} INFO - Using connection ID '***_db' for task execution.
[2025-12-07T19:08:08.817+0000] {logging_mixin.py:188} INFO - Dados salvos no Postgres com sucesso!
[2025-12-07T19:08:08.825+0000] {python.py:237} INFO - Done. Returned value was: None
[2025-12-07T19:08:08.830+0000] {taskinstance.py:441} INFO - ::group::Post task execution logs
[2025-12-07T19:08:08.876+0000] {taskinstance.py:1206} INFO - Marking task as SUCCESS. dag_id=02_pipeline_completo_boticario, task_id=ingestao_postgres, run_id=manual__2025-12-07T19:07:48.034306+00:00, execution_date=20251207T190748, start_date=20251207T190805, end_date=20251207T190808
[2025-12-07T19:08:09.035+0000] {local_task_job_runner.py:240} INFO - Task exited with return code 0
[2025-12-07T19:08:09.130+0000] {taskinstance.py:3498} INFO - 0 downstream tasks scheduled from follow-on schedule check
[2025-12-07T19:08:09.139+0000] {local_task_job_runner.py:222} INFO - ::endgroup::
