[2025-12-07T18:48:36.694+0000] {local_task_job_runner.py:120} INFO - ::group::Pre task execution logs
[2025-12-07T18:48:37.258+0000] {taskinstance.py:2076} INFO - Dependencies all met for dep_context=non-requeueable deps ti=<TaskInstance: 01_ingestao_boticario.upload_para_datalake manual__2025-12-07T18:48:20.995721+00:00 [queued]>
[2025-12-07T18:48:37.361+0000] {taskinstance.py:2076} INFO - Dependencies all met for dep_context=requeueable deps ti=<TaskInstance: 01_ingestao_boticario.upload_para_datalake manual__2025-12-07T18:48:20.995721+00:00 [queued]>
[2025-12-07T18:48:37.366+0000] {taskinstance.py:2306} INFO - Starting attempt 1 of 1
[2025-12-07T18:48:37.434+0000] {taskinstance.py:2330} INFO - Executing <Task(PythonOperator): upload_para_datalake> on 2025-12-07 18:48:20.995721+00:00
[2025-12-07T18:48:37.573+0000] {standard_task_runner.py:90} INFO - Running: ['***', 'tasks', 'run', '01_ingestao_boticario', 'upload_para_datalake', 'manual__2025-12-07T18:48:20.995721+00:00', '--job-id', '3', '--raw', '--subdir', 'DAGS_FOLDER/pipeline_ingestao.py', '--cfg-path', '/tmp/tmpd7kv4ra9']
[2025-12-07T18:48:37.730+0000] {standard_task_runner.py:91} INFO - Job 3: Subtask upload_para_datalake
[2025-12-07T18:48:37.714+0000] {logging_mixin.py:188} WARNING - /home/***/.local/lib/python3.12/site-packages/***/task/task_runner/standard_task_runner.py:61 DeprecationWarning: This process (pid=193) is multi-threaded, use of fork() may lead to deadlocks in the child.
[2025-12-07T18:48:37.749+0000] {standard_task_runner.py:63} INFO - Started process 199 to run task
[2025-12-07T18:48:38.512+0000] {task_command.py:426} INFO - Running <TaskInstance: 01_ingestao_boticario.upload_para_datalake manual__2025-12-07T18:48:20.995721+00:00 [running]> on host bb7fc5387fbc
[2025-12-07T18:48:39.513+0000] {taskinstance.py:2648} INFO - Exporting env vars: AIRFLOW_CTX_DAG_OWNER='***' AIRFLOW_CTX_DAG_ID='01_ingestao_boticario' AIRFLOW_CTX_TASK_ID='upload_para_datalake' AIRFLOW_CTX_EXECUTION_DATE='2025-12-07T18:48:20.995721+00:00' AIRFLOW_CTX_TRY_NUMBER='1' AIRFLOW_CTX_DAG_RUN_ID='manual__2025-12-07T18:48:20.995721+00:00'
[2025-12-07T18:48:39.532+0000] {taskinstance.py:430} INFO - ::endgroup::
[2025-12-07T18:48:39.829+0000] {logging_mixin.py:188} INFO - Bucket 'landing-zone' criado!
[2025-12-07T18:48:39.887+0000] {logging_mixin.py:188} INFO - Sucesso! Arquivo vendas_perfumaria.csv enviado para o Data Lake.
[2025-12-07T18:48:39.890+0000] {python.py:237} INFO - Done. Returned value was: None
[2025-12-07T18:48:39.900+0000] {taskinstance.py:441} INFO - ::group::Post task execution logs
[2025-12-07T18:48:39.965+0000] {taskinstance.py:1206} INFO - Marking task as SUCCESS. dag_id=01_ingestao_boticario, task_id=upload_para_datalake, run_id=manual__2025-12-07T18:48:20.995721+00:00, execution_date=20251207T184820, start_date=20251207T184837, end_date=20251207T184839
[2025-12-07T18:48:40.099+0000] {local_task_job_runner.py:240} INFO - Task exited with return code 0
[2025-12-07T18:48:40.163+0000] {taskinstance.py:3498} INFO - 0 downstream tasks scheduled from follow-on schedule check
[2025-12-07T18:48:40.171+0000] {local_task_job_runner.py:222} INFO - ::endgroup::
